TN:
SF:controllers\authController.js
FN:4,(anonymous_0)
FN:68,(anonymous_1)
FNF:2
FNH:2
FNDA:9,(anonymous_0)
FNDA:6,(anonymous_1)
DA:4,2
DA:5,9
DA:6,9
DA:9,9
DA:10,2
DA:13,7
DA:14,1
DA:17,6
DA:18,1
DA:22,5
DA:23,1
DA:26,4
DA:27,4
DA:28,1
DA:31,3
DA:37,3
DA:38,3
DA:43,0
DA:46,0
DA:48,0
DA:49,0
DA:52,0
DA:54,0
DA:55,0
DA:57,0
DA:60,0
DA:61,0
DA:64,0
DA:68,2
DA:69,6
DA:70,6
DA:72,6
DA:73,2
DA:76,4
DA:77,4
DA:78,1
DA:81,3
DA:82,3
DA:83,1
DA:86,2
DA:87,2
DA:92,0
DA:93,0
LF:43
LH:30
BRDA:9,0,0,2
BRDA:9,0,1,7
BRDA:9,1,0,9
BRDA:9,1,1,8
BRDA:13,2,0,1
BRDA:13,2,1,6
BRDA:17,3,0,1
BRDA:17,3,1,5
BRDA:22,4,0,1
BRDA:22,4,1,4
BRDA:22,5,0,5
BRDA:22,5,1,2
BRDA:27,6,0,1
BRDA:27,6,1,3
BRDA:34,7,0,3
BRDA:34,7,1,2
BRDA:46,8,0,0
BRDA:46,8,1,0
BRDA:48,9,0,0
BRDA:48,9,1,0
BRDA:52,10,0,0
BRDA:52,10,1,0
BRDA:60,11,0,0
BRDA:60,11,1,0
BRDA:72,12,0,2
BRDA:72,12,1,4
BRDA:72,13,0,6
BRDA:72,13,1,5
BRDA:77,14,0,1
BRDA:77,14,1,3
BRDA:82,15,0,1
BRDA:82,15,1,2
BRF:32
BRH:24
end_of_record
TN:
SF:controllers\sweetController.js
FN:4,(anonymous_0)
FN:11,(anonymous_1)
FN:16,(anonymous_2)
FN:21,(anonymous_3)
FN:94,(anonymous_4)
FN:97,(anonymous_5)
FN:110,(anonymous_6)
FN:145,(anonymous_7)
FN:158,(anonymous_8)
FN:171,(anonymous_9)
FN:245,(anonymous_10)
FN:270,(anonymous_11)
FN:306,(anonymous_12)
FNF:13
FNH:10
FNDA:11,(anonymous_0)
FNDA:16,(anonymous_1)
FNDA:0,(anonymous_2)
FNDA:5,(anonymous_3)
FNDA:0,(anonymous_4)
FNDA:0,(anonymous_5)
FNDA:5,(anonymous_6)
FNDA:7,(anonymous_7)
FNDA:4,(anonymous_8)
FNDA:12,(anonymous_9)
FNDA:3,(anonymous_10)
FNDA:4,(anonymous_11)
FNDA:5,(anonymous_12)
DA:4,1
DA:5,11
DA:6,0
DA:7,0
DA:11,1
DA:12,16
DA:16,1
DA:17,0
DA:18,0
DA:21,1
DA:22,5
DA:23,5
DA:26,5
DA:27,1
DA:30,4
DA:31,0
DA:34,4
DA:35,0
DA:38,4
DA:39,4
DA:41,4
DA:42,1
DA:45,3
DA:46,1
DA:50,2
DA:51,0
DA:52,0
DA:58,2
DA:59,2
DA:60,1
DA:63,1
DA:70,1
DA:71,0
DA:74,1
DA:75,1
DA:76,1
DA:77,1
DA:78,1
DA:80,0
DA:82,0
DA:83,0
DA:86,0
DA:87,0
DA:90,0
DA:94,1
DA:95,0
DA:96,0
DA:97,0
DA:98,0
DA:99,0
DA:100,0
DA:101,0
DA:103,0
DA:105,0
DA:106,0
DA:110,1
DA:111,5
DA:112,5
DA:113,5
DA:115,5
DA:116,0
DA:119,5
DA:120,1
DA:123,5
DA:124,3
DA:125,3
DA:126,3
DA:127,3
DA:128,1
DA:130,2
DA:132,2
DA:133,2
DA:134,2
DA:135,0
DA:137,2
DA:139,2
DA:140,1
DA:144,3
DA:145,3
DA:146,7
DA:147,7
DA:148,7
DA:149,7
DA:151,3
DA:153,0
DA:154,0
DA:158,1
DA:159,4
DA:160,4
DA:163,4
DA:164,1
DA:167,3
DA:168,3
DA:171,3
DA:172,12
DA:173,4
DA:174,1
DA:175,1
DA:176,0
DA:178,1
DA:179,0
DA:181,1
DA:183,3
DA:184,3
DA:185,0
DA:187,3
DA:193,3
DA:194,0
DA:195,0
DA:199,0
DA:203,3
DA:204,3
DA:208,3
DA:209,1
DA:213,2
DA:214,2
DA:215,1
DA:218,1
DA:219,1
DA:220,1
DA:221,1
DA:223,0
DA:225,0
DA:226,0
DA:229,0
DA:230,0
DA:233,0
DA:234,0
DA:237,0
DA:238,0
DA:241,0
DA:245,1
DA:246,3
DA:247,3
DA:250,3
DA:251,1
DA:254,2
DA:255,2
DA:256,1
DA:258,1
DA:260,0
DA:262,0
DA:263,0
DA:266,0
DA:270,1
DA:271,4
DA:272,4
DA:275,4
DA:276,1
DA:279,3
DA:280,3
DA:281,1
DA:284,2
DA:285,1
DA:288,1
DA:289,1
DA:291,1
DA:292,1
DA:293,1
DA:294,1
DA:296,0
DA:298,0
DA:299,0
DA:302,0
DA:306,1
DA:307,5
DA:308,5
DA:309,5
DA:312,5
DA:313,1
DA:317,4
DA:318,1
DA:321,3
DA:322,3
DA:323,1
DA:326,2
DA:327,2
DA:328,1
DA:331,1
DA:332,1
DA:334,1
DA:335,1
DA:336,1
DA:337,1
DA:339,0
DA:341,0
DA:342,0
DA:345,0
LF:188
LH:131
BRDA:5,0,0,11
BRDA:5,0,1,0
BRDA:5,1,0,11
BRDA:5,1,1,0
BRDA:26,2,0,1
BRDA:26,2,1,4
BRDA:26,3,0,5
BRDA:26,3,1,5
BRDA:26,3,2,4
BRDA:26,3,3,4
BRDA:30,4,0,0
BRDA:30,4,1,4
BRDA:30,5,0,4
BRDA:30,5,1,4
BRDA:34,6,0,0
BRDA:34,6,1,4
BRDA:34,7,0,4
BRDA:34,7,1,4
BRDA:41,8,0,1
BRDA:41,8,1,3
BRDA:41,9,0,4
BRDA:41,9,1,4
BRDA:45,10,0,1
BRDA:45,10,1,2
BRDA:45,11,0,3
BRDA:45,11,1,3
BRDA:45,11,2,3
BRDA:50,12,0,0
BRDA:50,12,1,2
BRDA:51,13,0,0
BRDA:51,13,1,0
BRDA:59,14,0,1
BRDA:59,14,1,1
BRDA:70,15,0,0
BRDA:70,15,1,1
BRDA:82,16,0,0
BRDA:82,16,1,0
BRDA:86,17,0,0
BRDA:86,17,1,0
BRDA:115,18,0,0
BRDA:115,18,1,5
BRDA:119,19,0,1
BRDA:119,19,1,4
BRDA:123,20,0,3
BRDA:123,20,1,2
BRDA:123,21,0,5
BRDA:123,21,1,2
BRDA:125,22,0,3
BRDA:125,22,1,0
BRDA:127,23,0,1
BRDA:127,23,1,2
BRDA:127,24,0,3
BRDA:127,24,1,3
BRDA:132,25,0,2
BRDA:132,25,1,0
BRDA:134,26,0,0
BRDA:134,26,1,2
BRDA:134,27,0,2
BRDA:134,27,1,2
BRDA:139,28,0,1
BRDA:139,28,1,1
BRDA:139,29,0,2
BRDA:139,29,1,2
BRDA:139,29,2,2
BRDA:163,30,0,1
BRDA:163,30,1,3
BRDA:172,31,0,4
BRDA:172,31,1,8
BRDA:172,32,0,12
BRDA:172,32,1,4
BRDA:173,33,0,1
BRDA:173,33,1,3
BRDA:173,34,0,4
BRDA:173,34,1,3
BRDA:175,35,0,0
BRDA:175,35,1,1
BRDA:175,36,0,1
BRDA:175,36,1,1
BRDA:178,37,0,0
BRDA:178,37,1,1
BRDA:178,38,0,1
BRDA:178,38,1,0
BRDA:184,39,0,0
BRDA:184,39,1,3
BRDA:193,40,0,0
BRDA:193,40,1,3
BRDA:194,41,0,0
BRDA:194,41,1,0
BRDA:203,42,0,3
BRDA:203,42,1,0
BRDA:208,43,0,1
BRDA:208,43,1,2
BRDA:214,44,0,1
BRDA:214,44,1,1
BRDA:225,45,0,0
BRDA:225,45,1,0
BRDA:225,46,0,0
BRDA:225,46,1,0
BRDA:229,47,0,0
BRDA:229,47,1,0
BRDA:233,48,0,0
BRDA:233,48,1,0
BRDA:237,49,0,0
BRDA:237,49,1,0
BRDA:250,50,0,1
BRDA:250,50,1,2
BRDA:255,51,0,1
BRDA:255,51,1,1
BRDA:262,52,0,0
BRDA:262,52,1,0
BRDA:275,53,0,1
BRDA:275,53,1,3
BRDA:280,54,0,1
BRDA:280,54,1,2
BRDA:284,55,0,1
BRDA:284,55,1,1
BRDA:298,56,0,0
BRDA:298,56,1,0
BRDA:312,57,0,1
BRDA:312,57,1,4
BRDA:317,58,0,1
BRDA:317,58,1,3
BRDA:317,59,0,4
BRDA:317,59,1,3
BRDA:317,59,2,3
BRDA:322,60,0,1
BRDA:322,60,1,2
BRDA:322,61,0,3
BRDA:322,61,1,3
BRDA:322,61,2,2
BRDA:327,62,0,1
BRDA:327,62,1,1
BRDA:341,63,0,0
BRDA:341,63,1,0
BRF:134
BRH:94
end_of_record
TN:
SF:middleware\adminMiddleware.js
FN:1,(anonymous_0)
FNF:1
FNH:1
FNDA:10,(anonymous_0)
DA:1,1
DA:2,10
DA:3,2
DA:5,8
LF:4
LH:4
BRDA:2,0,0,2
BRDA:2,0,1,8
BRDA:2,1,0,10
BRDA:2,1,1,10
BRF:4
BRH:4
end_of_record
TN:
SF:middleware\authMiddleware.js
FN:4,(anonymous_0)
FNF:1
FNH:1
FNDA:33,(anonymous_0)
DA:4,1
DA:5,33
DA:6,33
DA:8,33
DA:9,2
DA:12,31
DA:13,0
DA:16,31
DA:18,31
DA:19,0
DA:22,31
DA:23,0
DA:24,0
DA:27,31
DA:28,31
DA:30,31
DA:31,3
DA:34,28
DA:35,28
DA:37,0
DA:39,0
DA:40,0
DA:43,0
DA:44,0
DA:47,0
LF:25
LH:15
BRDA:8,0,0,2
BRDA:8,0,1,31
BRDA:12,1,0,0
BRDA:12,1,1,31
BRDA:18,2,0,0
BRDA:18,2,1,31
BRDA:22,3,0,0
BRDA:22,3,1,31
BRDA:30,4,0,3
BRDA:30,4,1,28
BRDA:39,5,0,0
BRDA:39,5,1,0
BRDA:43,6,0,0
BRDA:43,6,1,0
BRF:14
BRH:7
end_of_record
TN:
SF:models\sweetModel.js
FNF:0
FNH:0
DA:3,1
DA:8,1
LF:2
LH:2
BRF:0
BRH:0
end_of_record
TN:
SF:models\userModel.js
FN:25,(anonymous_0)
FN:35,(anonymous_1)
FNF:2
FNH:2
FNDA:142,(anonymous_0)
FNDA:3,(anonymous_1)
DA:4,2
DA:25,2
DA:26,142
DA:27,76
DA:28,76
DA:29,76
DA:31,0
DA:35,2
DA:36,3
DA:37,3
DA:39,0
DA:44,2
LF:12
LH:10
BRDA:26,0,0,66
BRDA:26,0,1,76
BRF:2
BRH:2
end_of_record
TN:
SF:routes\authRoutes.js
FNF:0
FNH:0
DA:4,2
DA:6,2
DA:7,2
LF:3
LH:3
BRF:0
BRH:0
end_of_record
TN:
SF:routes\sweetRoutes.js
FN:18,(anonymous_0)
FNF:1
FNH:0
FNDA:0,(anonymous_0)
DA:15,1
DA:18,1
DA:19,0
DA:20,0
DA:21,0
DA:23,0
DA:27,1
DA:33,1
DA:34,1
DA:36,1
DA:37,1
DA:38,1
DA:40,1
DA:41,1
LF:14
LH:10
BRDA:20,0,0,0
BRDA:20,0,1,0
BRF:2
BRH:0
end_of_record
